Flow report for SYNTH_PROJ
Sun Dec 08 18:39:30 2013
Quartus II 32-bit Version 12.0 Build 232 07/05/2012 Service Pack 1 SJ Web Edition


---------------------
; Table of Contents ;
---------------------
  1. Legal Notice
  2. Flow Summary
  3. Flow Settings
  4. Flow Non-Default Global Settings
  5. Flow Elapsed Time
  6. Flow OS Summary
  7. Flow Log



----------------
; Legal Notice ;
----------------
Copyright (C) 1991-2012 Altera Corporation
Your use of Altera Corporation's design tools, logic functions 
and other software and tools, and its AMPP partner logic 
functions, and any output files from any of the foregoing 
(including device programming or simulation files), and any 
associated documentation or information are expressly subject 
to the terms and conditions of the Altera Program License 
Subscription Agreement, Altera MegaCore Function License 
Agreement, or other applicable license agreement, including, 
without limitation, that your use is for the sole purpose of 
programming logic devices manufactured by Altera and sold by 
Altera or its authorized distributors.  Please refer to the 
applicable agreement for further details.



+------------------------------------------------------------------------------------+
; Flow Summary                                                                       ;
+------------------------------------+-----------------------------------------------+
; Flow Status                        ; Successful - Sun Dec 08 18:39:16 2013         ;
; Quartus II 32-bit Version          ; 12.0 Build 232 07/05/2012 SP 1 SJ Web Edition ;
; Revision Name                      ; SYNTH_PROJ                                    ;
; Top-level Entity Name              ; SYNTH_PROJ                                    ;
; Family                             ; Cyclone IV E                                  ;
; Device                             ; EP4CE115F29C7                                 ;
; Timing Models                      ; Final                                         ;
; Total logic elements               ; 12,031 / 114,480 ( 11 % )                     ;
;     Total combinational functions  ; 10,737 / 114,480 ( 9 % )                      ;
;     Dedicated logic registers      ; 7,486 / 114,480 ( 7 % )                       ;
; Total registers                    ; 7605                                          ;
; Total pins                         ; 176 / 529 ( 33 % )                            ;
; Total virtual pins                 ; 0                                             ;
; Total memory bits                  ; 68,665 / 3,981,312 ( 2 % )                    ;
; Embedded Multiplier 9-bit elements ; 11 / 532 ( 2 % )                              ;
; Total PLLs                         ; 2 / 4 ( 50 % )                                ;
+------------------------------------+-----------------------------------------------+


+-----------------------------------------+
; Flow Settings                           ;
+-------------------+---------------------+
; Option            ; Setting             ;
+-------------------+---------------------+
; Start date & time ; 12/08/2013 18:33:50 ;
; Main task         ; Compilation         ;
; Revision Name     ; SYNTH_PROJ          ;
+-------------------+---------------------+


+------------------------------------------------------------------------------------------------------------------+
; Flow Non-Default Global Settings                                                                                 ;
+-------------------------------------+---------------------------------+---------------+-------------+------------+
; Assignment Name                     ; Value                           ; Default Value ; Entity Name ; Section Id ;
+-------------------------------------+---------------------------------+---------------+-------------+------------+
; COMPILER_SIGNATURE_ID               ; 203050739580035.138654563006552 ; --            ; --          ; --         ;
; PARTITION_COLOR                     ; 16764057                        ; --            ; --          ; Top        ;
; PARTITION_FITTER_PRESERVATION_LEVEL ; PLACEMENT_AND_ROUTING           ; --            ; --          ; Top        ;
; PARTITION_NETLIST_TYPE              ; SOURCE                          ; --            ; --          ; Top        ;
+-------------------------------------+---------------------------------+---------------+-------------+------------+


+-------------------------------------------------------------------------------------------------------------------------------+
; Flow Elapsed Time                                                                                                             ;
+---------------------------+--------------+-------------------------+---------------------+------------------------------------+
; Module Name               ; Elapsed Time ; Average Processors Used ; Peak Virtual Memory ; Total CPU Time (on all processors) ;
+---------------------------+--------------+-------------------------+---------------------+------------------------------------+
; Analysis & Synthesis      ; 00:02:34     ; 1.0                     ; 563 MB              ; 00:02:20                           ;
; Fitter                    ; 00:02:25     ; 1.0                     ; 703 MB              ; 00:02:20                           ;
; Assembler                 ; 00:00:12     ; 1.0                     ; 358 MB              ; 00:00:10                           ;
; TimeQuest Timing Analyzer ; 00:00:26     ; 1.0                     ; 496 MB              ; 00:00:23                           ;
; Total                     ; 00:05:37     ; --                      ; --                  ; 00:05:13                           ;
+---------------------------+--------------+-------------------------+---------------------+------------------------------------+


+----------------------------------------------------------------------------------------+
; Flow OS Summary                                                                        ;
+---------------------------+------------------+-----------+------------+----------------+
; Module Name               ; Machine Hostname ; OS Name   ; OS Version ; Processor type ;
+---------------------------+------------------+-----------+------------+----------------+
; Analysis & Synthesis      ; REH208-03        ; Windows 7 ; 6.1        ; x86_64         ;
; Fitter                    ; REH208-03        ; Windows 7 ; 6.1        ; x86_64         ;
; Assembler                 ; REH208-03        ; Windows 7 ; 6.1        ; x86_64         ;
; TimeQuest Timing Analyzer ; REH208-03        ; Windows 7 ; 6.1        ; x86_64         ;
+---------------------------+------------------+-----------+------------+----------------+


------------
; Flow Log ;
------------
quartus_map --read_settings_files=on --write_settings_files=off SYNTH_PROJ -c SYNTH_PROJ
quartus_fit --read_settings_files=off --write_settings_files=off SYNTH_PROJ -c SYNTH_PROJ
quartus_asm --read_settings_files=off --write_settings_files=off SYNTH_PROJ -c SYNTH_PROJ
quartus_sta SYNTH_PROJ -c SYNTH_PROJ



